<?xml version="1.0" encoding="UTF-8"?>
<!-- Generated by org.testng.reporters.JUnitReportReporter -->
<testsuite skipped="0" hostname="DESKTOP-TV5T462" name="TestCases.BuyBuyBabyTestCases" tests="2" failures="0" timestamp="09 Jun 2020 10:21:00 GMT" time="11.760" errors="0">
  <testcase name="CheckPageTitle" time="6.684" classname="TestCases.BuyBuyBabyTestCases"/>
  <testcase name="CheckSearchBox" time="5.076" classname="TestCases.BuyBuyBabyTestCases"/>
</testsuite> <!-- TestCases.BuyBuyBabyTestCases -->
